IP: 1, SP: 0, Instr: 0, Stack: [9]
IP: 3, SP: -1, Instr: 6, Stack: [9]
IP: 5, SP: 0, Instr: 0, Stack: [1]
IP: 7, SP: -1, Instr: 6, Stack: [1]
IP: 9, SP: 0, Instr: 0, Stack: [1]
IP: 11, SP: -1, Instr: 6, Stack: [1]
IP: 13, SP: 0, Instr: 0, Stack: [2]
IP: 15, SP: -1, Instr: 6, Stack: [2]
IP: 17, SP: 0, Instr: 0, Stack: [0]
IP: 19, SP: 1, Instr: 8, Stack: [0, 2]
IP: 21, SP: 2, Instr: 8, Stack: [0, 2, 9]
IP: 22, SP: 1, Instr: 11, Stack: [0, 1]
IP: 24, SP: 0, Instr: 15, Stack: [0]
IP: 25, SP: -1, Instr: 1, Stack: [0]
IP: 27, SP: 0, Instr: 8, Stack: [1]
IP: 29, SP: 1, Instr: 8, Stack: [1, 1]
IP: 30, SP: 0, Instr: 2, Stack: [2]
IP: 32, SP: -1, Instr: 6, Stack: [2]
IP: 34, SP: 0, Instr: 8, Stack: [1]
IP: 36, SP: -1, Instr: 6, Stack: [1]
IP: 38, SP: 0, Instr: 8, Stack: [2]
IP: 40, SP: -1, Instr: 6, Stack: [2]
IP: 42, SP: 0, Instr: 8, Stack: [2]
IP: 44, SP: 1, Instr: 0, Stack: [2, 1]
IP: 45, SP: 0, Instr: 2, Stack: [3]
IP: 47, SP: -1, Instr: 6, Stack: [3]
IP: 49, SP: 0, Instr: 8, Stack: [2]
IP: 17, SP: 0, Instr: 16, Stack: [2]
IP: 19, SP: 1, Instr: 8, Stack: [2, 3]
IP: 21, SP: 2, Instr: 8, Stack: [2, 3, 9]
IP: 22, SP: 1, Instr: 11, Stack: [2, 1]
IP: 24, SP: 0, Instr: 15, Stack: [2]
IP: 25, SP: -1, Instr: 1, Stack: [2]
IP: 27, SP: 0, Instr: 8, Stack: [1]
IP: 29, SP: 1, Instr: 8, Stack: [1, 2]
IP: 30, SP: 0, Instr: 2, Stack: [3]
IP: 32, SP: -1, Instr: 6, Stack: [3]
IP: 34, SP: 0, Instr: 8, Stack: [2]
IP: 36, SP: -1, Instr: 6, Stack: [2]
IP: 38, SP: 0, Instr: 8, Stack: [3]
IP: 40, SP: -1, Instr: 6, Stack: [3]
IP: 42, SP: 0, Instr: 8, Stack: [3]
IP: 44, SP: 1, Instr: 0, Stack: [3, 1]
IP: 45, SP: 0, Instr: 2, Stack: [4]
IP: 47, SP: -1, Instr: 6, Stack: [4]
IP: 49, SP: 0, Instr: 8, Stack: [3]
IP: 17, SP: 0, Instr: 16, Stack: [3]
IP: 19, SP: 1, Instr: 8, Stack: [3, 4]
IP: 21, SP: 2, Instr: 8, Stack: [3, 4, 9]
IP: 22, SP: 1, Instr: 11, Stack: [3, 1]
IP: 24, SP: 0, Instr: 15, Stack: [3]
IP: 25, SP: -1, Instr: 1, Stack: [3]
IP: 27, SP: 0, Instr: 8, Stack: [2]
IP: 29, SP: 1, Instr: 8, Stack: [2, 3]
IP: 30, SP: 0, Instr: 2, Stack: [5]
IP: 32, SP: -1, Instr: 6, Stack: [5]
IP: 34, SP: 0, Instr: 8, Stack: [3]
IP: 36, SP: -1, Instr: 6, Stack: [3]
IP: 38, SP: 0, Instr: 8, Stack: [5]
IP: 40, SP: -1, Instr: 6, Stack: [5]
IP: 42, SP: 0, Instr: 8, Stack: [4]
IP: 44, SP: 1, Instr: 0, Stack: [4, 1]
IP: 45, SP: 0, Instr: 2, Stack: [5]
IP: 47, SP: -1, Instr: 6, Stack: [5]
IP: 49, SP: 0, Instr: 8, Stack: [5]
IP: 17, SP: 0, Instr: 16, Stack: [5]
IP: 19, SP: 1, Instr: 8, Stack: [5, 5]
IP: 21, SP: 2, Instr: 8, Stack: [5, 5, 9]
IP: 22, SP: 1, Instr: 11, Stack: [5, 1]
IP: 24, SP: 0, Instr: 15, Stack: [5]
IP: 25, SP: -1, Instr: 1, Stack: [5]
IP: 27, SP: 0, Instr: 8, Stack: [3]
IP: 29, SP: 1, Instr: 8, Stack: [3, 5]
IP: 30, SP: 0, Instr: 2, Stack: [8]
IP: 32, SP: -1, Instr: 6, Stack: [8]
IP: 34, SP: 0, Instr: 8, Stack: [5]
IP: 36, SP: -1, Instr: 6, Stack: [5]
IP: 38, SP: 0, Instr: 8, Stack: [8]
IP: 40, SP: -1, Instr: 6, Stack: [8]
IP: 42, SP: 0, Instr: 8, Stack: [5]
IP: 44, SP: 1, Instr: 0, Stack: [5, 1]
IP: 45, SP: 0, Instr: 2, Stack: [6]
IP: 47, SP: -1, Instr: 6, Stack: [6]
IP: 49, SP: 0, Instr: 8, Stack: [8]
IP: 17, SP: 0, Instr: 16, Stack: [8]
IP: 19, SP: 1, Instr: 8, Stack: [8, 6]
IP: 21, SP: 2, Instr: 8, Stack: [8, 6, 9]
IP: 22, SP: 1, Instr: 11, Stack: [8, 1]
IP: 24, SP: 0, Instr: 15, Stack: [8]
IP: 25, SP: -1, Instr: 1, Stack: [8]
IP: 27, SP: 0, Instr: 8, Stack: [5]
IP: 29, SP: 1, Instr: 8, Stack: [5, 8]
IP: 30, SP: 0, Instr: 2, Stack: [13]
IP: 32, SP: -1, Instr: 6, Stack: [13]
IP: 34, SP: 0, Instr: 8, Stack: [8]
IP: 36, SP: -1, Instr: 6, Stack: [8]
IP: 38, SP: 0, Instr: 8, Stack: [13]
IP: 40, SP: -1, Instr: 6, Stack: [13]
IP: 42, SP: 0, Instr: 8, Stack: [6]
IP: 44, SP: 1, Instr: 0, Stack: [6, 1]
IP: 45, SP: 0, Instr: 2, Stack: [7]
IP: 47, SP: -1, Instr: 6, Stack: [7]
IP: 49, SP: 0, Instr: 8, Stack: [13]
IP: 17, SP: 0, Instr: 16, Stack: [13]
IP: 19, SP: 1, Instr: 8, Stack: [13, 7]
IP: 21, SP: 2, Instr: 8, Stack: [13, 7, 9]
IP: 22, SP: 1, Instr: 11, Stack: [13, 1]
IP: 24, SP: 0, Instr: 15, Stack: [13]
IP: 25, SP: -1, Instr: 1, Stack: [13]
IP: 27, SP: 0, Instr: 8, Stack: [8]
IP: 29, SP: 1, Instr: 8, Stack: [8, 13]
IP: 30, SP: 0, Instr: 2, Stack: [21]
IP: 32, SP: -1, Instr: 6, Stack: [21]
IP: 34, SP: 0, Instr: 8, Stack: [13]
IP: 36, SP: -1, Instr: 6, Stack: [13]
IP: 38, SP: 0, Instr: 8, Stack: [21]
IP: 40, SP: -1, Instr: 6, Stack: [21]
IP: 42, SP: 0, Instr: 8, Stack: [7]
IP: 44, SP: 1, Instr: 0, Stack: [7, 1]
IP: 45, SP: 0, Instr: 2, Stack: [8]
IP: 47, SP: -1, Instr: 6, Stack: [8]
IP: 49, SP: 0, Instr: 8, Stack: [21]
IP: 17, SP: 0, Instr: 16, Stack: [21]
IP: 19, SP: 1, Instr: 8, Stack: [21, 8]
IP: 21, SP: 2, Instr: 8, Stack: [21, 8, 9]
IP: 22, SP: 1, Instr: 11, Stack: [21, 1]
IP: 24, SP: 0, Instr: 15, Stack: [21]
IP: 25, SP: -1, Instr: 1, Stack: [21]
IP: 27, SP: 0, Instr: 8, Stack: [13]
IP: 29, SP: 1, Instr: 8, Stack: [13, 21]
IP: 30, SP: 0, Instr: 2, Stack: [34]
IP: 32, SP: -1, Instr: 6, Stack: [34]
IP: 34, SP: 0, Instr: 8, Stack: [21]
IP: 36, SP: -1, Instr: 6, Stack: [21]
IP: 38, SP: 0, Instr: 8, Stack: [34]
IP: 40, SP: -1, Instr: 6, Stack: [34]
IP: 42, SP: 0, Instr: 8, Stack: [8]
IP: 44, SP: 1, Instr: 0, Stack: [8, 1]
IP: 45, SP: 0, Instr: 2, Stack: [9]
IP: 47, SP: -1, Instr: 6, Stack: [9]
IP: 49, SP: 0, Instr: 8, Stack: [34]
IP: 17, SP: 0, Instr: 16, Stack: [34]
IP: 19, SP: 1, Instr: 8, Stack: [34, 9]
IP: 21, SP: 2, Instr: 8, Stack: [34, 9, 9]
IP: 22, SP: 1, Instr: 11, Stack: [34, 0]
IP: 51, SP: 0, Instr: 15, Stack: [34]
IP: 52, SP: 0, Instr: 7, Stack: [34]
